<?xml version="1.0" encoding="UTF-8"?>
<!-- Generated by org.testng.reporters.JUnitReportReporter -->
<testsuite skipped="0" hostname="netradyne-agam" name="com.kasback.api.testing.BuyerScenarios" tests="1" failures="0" timestamp="12 Jun 2018 18:00:53 GMT" time="8.620" errors="0">
  <testcase name="resetPwd" time="8.620" classname="com.kasback.api.testing.BuyerScenarios"/>
</testsuite> <!-- com.kasback.api.testing.BuyerScenarios -->
