<?xml version="1.0" encoding="UTF-8"?>
<!-- Generated by org.testng.reporters.JUnitReportReporter -->
<testsuite skipped="0" hostname="netradyne-agam" name="com.kasback.webApplication.uiTesting.KasbackLogin" tests="1" failures="0" timestamp="25 May 2018 11:13:25 GMT" time="35.802" errors="0">
  <testcase name="doLogin" time="35.802" classname="com.kasback.webApplication.uiTesting.KasbackLogin"/>
</testsuite> <!-- com.kasback.webApplication.uiTesting.KasbackLogin -->
