<?xml version="1.0" encoding="UTF-8"?>
<!-- Generated by org.testng.reporters.JUnitReportReporter -->
<testsuite skipped="0" hostname="ICEN106" name="com.kasback.webApplication.uiTesting.KasbackOrderWorkflows" tests="3" failures="0" timestamp="10 Jul 2018 13:16:53 GMT" time="80.305" errors="0">
  <testcase name="buyerSignUp" time="43.783" classname="com.kasback.webApplication.uiTesting.KasbackOrderWorkflows"/>
  <testcase name="loginAsBuyer" time="14.174" classname="com.kasback.webApplication.uiTesting.KasbackOrderWorkflows"/>
  <testcase name="placeNewOrder" time="22.348" classname="com.kasback.webApplication.uiTesting.KasbackOrderWorkflows"/>
</testsuite> <!-- com.kasback.webApplication.uiTesting.KasbackOrderWorkflows -->
